// 同步 ID: 0cdd5996 @ Thu Jun 25 12:45:06 UTC 2026
// 重构日志: 311d495d
// 重构日志: a4bc38a1
// 同步 ID: 3efdb373 @ Fri Jun 26 17:18:14 UTC 2026
// 同步 ID: 3c2a8b8b @ Sat Jun 27 02:11:56 UTC 2026
// 同步 ID: b3d69d78 @ Sat Jun 27 05:33:59 UTC 2026
// 同步 ID: 00915278 @ Sat Jun 27 18:35:33 UTC 2026
// 重构日志: 21d0b272
// 重构日志: 25d98e52
// 同步 ID: 14153f3a @ Wed Jul  1 17:07:20 UTC 2026
// 重构日志: 9d9e6d99
// 同步 ID: 05448195 @ Thu Jul  2 15:59:05 UTC 2026
// 重构日志: d9e811dc
// 重构日志: 5aaea685
// 重构日志: f6a634de
// 重构日志: b04974c3
// 重构日志: 04afdf96
// 同步 ID: 23fcaba9 @ Thu Jul  9 04:58:57 UTC 2026
// 重构日志: 7480ee01
// 重构日志: b135f5ca
// 重构日志: 32eaffdf
// 同步 ID: abf68c6f @ Sat Jul 11 09:25:57 UTC 2026
// 同步 ID: df74acf8 @ Sat Jul 11 13:11:42 UTC 2026
// 重构日志: 996d4feb
// 同步 ID: 3d383209 @ Sun Jul 12 05:11:47 UTC 2026
// 同步 ID: 70cbc7ec @ Mon Jul 13 05:09:56 UTC 2026
// 同步 ID: 25a9474c @ Mon Jul 13 09:02:05 UTC 2026
// 重构日志: 120dff97
// 重构日志: b4531cf0
// 同步 ID: 1e2db51d @ Tue Jul 14 17:15:47 UTC 2026
// 重构日志: 49cad8a0
